2022-06-05 23:52:28,546 INFO d.UserDaoDatabaseImpl [main] Entered checkLoginInfo() in UserDaoDatabaseImpl...
2022-06-05 23:52:29,082 INFO d.UserDaoDatabaseImpl [main] Exited checkLoginInfo() in UserDaoDatabaseImpl...
2022-06-05 23:52:29,082 INFO d.UserDaoDatabaseImpl [main] Exited checkLoginInfo() in UserDaoDatabaseImpl...
2022-06-05 23:52:29,083 INFO d.AccountsDaoDatabaseImpl [main] Entered getAccountInfo() in AccountsDaoDatabaseImpl...
2022-06-05 23:53:34,034 INFO d.UserDaoDatabaseImpl [main] Entered checkLoginInfo() in UserDaoDatabaseImpl...
2022-06-05 23:53:34,351 INFO d.UserDaoDatabaseImpl [main] Exited checkLoginInfo() in UserDaoDatabaseImpl...
2022-06-05 23:53:34,351 INFO d.UserDaoDatabaseImpl [main] Exited checkLoginInfo() in UserDaoDatabaseImpl...
2022-06-05 23:53:34,351 INFO d.AccountsDaoDatabaseImpl [main] Entered getAccountInfo() in AccountsDaoDatabaseImpl...
2022-06-05 23:55:47,114 INFO d.UserDaoDatabaseImpl [main] Entered checkLoginInfo() in UserDaoDatabaseImpl...
2022-06-05 23:55:47,319 INFO d.UserDaoDatabaseImpl [main] Exited checkLoginInfo() in UserDaoDatabaseImpl...
2022-06-05 23:55:47,319 INFO d.UserDaoDatabaseImpl [main] Exited checkLoginInfo() in UserDaoDatabaseImpl...
2022-06-05 23:55:47,319 INFO d.AccountsDaoDatabaseImpl [main] Entered getAccountInfo() in AccountsDaoDatabaseImpl...
2022-06-05 23:55:47,322 INFO d.AccountsDaoDatabaseImpl [main] Exited getAccountInfo() in AccountsDaoDatabaseImpl...
2022-06-05 23:56:01,839 INFO d.AccountsDaoDatabaseImpl [main] Entered updateBalance() in AccountsDaoDatabaseImpl...
2022-06-05 23:56:01,843 INFO d.AccountsDaoDatabaseImpl [main] Exited updateBalance() in AccountsDaoDatabaseImpl...
2022-06-05 23:56:09,917 INFO d.AccountsDaoDatabaseImpl [main] Entered updateBalance() in AccountsDaoDatabaseImpl...
2022-06-05 23:56:09,917 INFO d.AccountsDaoDatabaseImpl [main] Exited updateBalance() in AccountsDaoDatabaseImpl...
2022-06-05 23:56:46,440 INFO d.UserDaoDatabaseImpl [main] Entered checkLoginInfo() in UserDaoDatabaseImpl...
2022-06-05 23:56:46,646 INFO d.UserDaoDatabaseImpl [main] Exited checkLoginInfo() in UserDaoDatabaseImpl...
2022-06-05 23:56:46,646 INFO d.UserDaoDatabaseImpl [main] Exited checkLoginInfo() in UserDaoDatabaseImpl...
2022-06-05 23:56:46,646 INFO d.AccountsDaoDatabaseImpl [main] Entered getAccountInfo() in AccountsDaoDatabaseImpl...
2022-06-06 00:01:58,976 INFO d.UserDaoDatabaseImpl [main] Entered checkLoginInfo() in UserDaoDatabaseImpl...
2022-06-06 00:01:59,188 INFO d.UserDaoDatabaseImpl [main] Exited checkLoginInfo() in UserDaoDatabaseImpl...
2022-06-06 00:01:59,188 INFO d.UserDaoDatabaseImpl [main] Exited checkLoginInfo() in UserDaoDatabaseImpl...
2022-06-06 00:01:59,188 INFO d.AccountsDaoDatabaseImpl [main] Entered getAccountInfo() in AccountsDaoDatabaseImpl...
2022-06-06 00:01:59,190 INFO d.AccountsDaoDatabaseImpl [main] Exited getAccountInfo() in AccountsDaoDatabaseImpl...
2022-06-06 00:02:12,402 INFO d.AccountsDaoDatabaseImpl [main] Entered updateBalance() in AccountsDaoDatabaseImpl...
2022-06-06 00:02:12,403 INFO d.AccountsDaoDatabaseImpl [main] Exited updateBalance() in AccountsDaoDatabaseImpl...
